<?xml version="1.0" encoding="UTF-8"?>
<!-- Generated by org.testng.reporters.JUnitReportReporter -->
<testsuite hostname="Naresh" failures="0" tests="1" name="Test03_Post" time="1.714" errors="0" timestamp="2023-02-16T17:09:07 IST" skipped="0">
  <testcase classname="Test03_Post" name="test2" time="1.714"/>
  <system-out/>
</testsuite> <!-- Test03_Post -->
