<?xml version="1.0" encoding="UTF-8"?>
<!-- Generated by org.testng.reporters.JUnitReportReporter -->
<testsuite hostname="Naresh" failures="0" tests="3" name="Test01_Get" time="3.134" errors="0" timestamp="2023-02-03T19:20:18 IST" skipped="0">
  <testcase classname="Test01_Get" name="test1" time="0.244"/>
  <system-out/>
  <testcase classname="Test01_Get" name="jsonValidations" time="2.770"/>
  <system-out/>
  <testcase classname="Test01_Get" name="test" time="0.120"/>
  <system-out/>
</testsuite> <!-- Test01_Get -->
