<?xml version="1.0" encoding="UTF-8"?>
<!-- Generated by org.testng.reporters.JUnitReportReporter -->
<testsuite hostname="Naresh" failures="0" tests="1" name="practice.MyContactForm" time="4.695" errors="0" timestamp="2023-03-28T09:06:47 IST" skipped="0">
  <testcase classname="practice.MyContactForm" name="verifySubmitSampleForm" time="4.695"/>
  <system-out/>
</testsuite> <!-- practice.MyContactForm -->
