<?xml version="1.0" encoding="UTF-8"?>
<!-- Generated by org.testng.reporters.JUnitReportReporter -->
<testsuite hostname="Naresh" failures="0" tests="1" name="com.selenium.scripts.MultipleWindowsTest" time="13.233" errors="0" timestamp="2023-04-17T08:58:14 IST" skipped="0">
  <testcase classname="com.selenium.scripts.MultipleWindowsTest" name="multipleWindowExample" time="13.233"/>
  <system-out/>
</testsuite> <!-- com.selenium.scripts.MultipleWindowsTest -->
