<?xml version="1.0" encoding="UTF-8"?>
<!-- Generated by org.testng.reporters.JUnitReportReporter -->
<testsuite hostname="Naresh" failures="0" tests="1" name="com.selenium.scripts.TakeScreenShotTest" time="0.259" errors="0" timestamp="2023-05-03T08:38:33 IST" skipped="0">
  <testcase classname="com.selenium.scripts.TakeScreenShotTest" name="captureScreenshot" time="0.259"/>
  <system-out/>
</testsuite> <!-- com.selenium.scripts.TakeScreenShotTest -->
