<?xml version="1.0" encoding="UTF-8"?>
<!-- Generated by org.testng.reporters.JUnitReportReporter -->
<testsuite hostname="Naresh" failures="0" tests="1" name="com.selenium.scripts.ButtonTest" time="1.139" errors="0" timestamp="2023-04-11T08:17:20 IST" skipped="0">
  <testcase classname="com.selenium.scripts.ButtonTest" name="buttonMethods" time="1.139"/>
  <system-out/>
</testsuite> <!-- com.selenium.scripts.ButtonTest -->
