<?xml version="1.0" encoding="UTF-8"?>
<!-- Generated by org.testng.reporters.JUnitReportReporter -->
<testsuite hostname="Naresh" failures="0" tests="1" name="com.selenium.scripts.BuildvsPerformTest" time="7.044" errors="0" timestamp="2023-04-19T08:44:10 IST" skipped="0">
  <testcase classname="com.selenium.scripts.BuildvsPerformTest" name="draganddropMethods" time="7.044"/>
  <system-out/>
</testsuite> <!-- com.selenium.scripts.BuildvsPerformTest -->
