<?xml version="1.0" encoding="UTF-8"?>
<!-- Generated by org.testng.reporters.JUnitReportReporter -->
<testsuite hostname="Naresh" failures="0" tests="7" name="com.testng.scripts.TestNGAnnotationsTest" time="0.013" errors="0" timestamp="2023-04-21T08:46:41 IST" skipped="0">
  <testcase classname="com.testng.scripts.TestNGAnnotationsTest" name="searchProduct" time="0.006"/>
  <system-out/>
  <testcase classname="com.testng.scripts.TestNGAnnotationsTest" name="verifyCancelOrder" time="0.001"/>
  <system-out/>
  <testcase classname="com.testng.scripts.TestNGAnnotationsTest" name="verifyPayment" time="0.002"/>
  <system-out/>
  <testcase classname="com.testng.scripts.TestNGAnnotationsTest" name="verifyAddToCart" time="0.001"/>
  <system-out/>
  <testcase classname="com.testng.scripts.TestNGAnnotationsTest" name="verifyAddToCart" time="0.001"/>
  <system-out/>
  <testcase classname="com.testng.scripts.TestNGAnnotationsTest" name="verifyCheckout" time="0.001"/>
  <system-out/>
  <testcase classname="com.testng.scripts.TestNGAnnotationsTest" name="verifyProceedToPay" time="0.001"/>
  <system-out/>
</testsuite> <!-- com.testng.scripts.TestNGAnnotationsTest -->
