<?xml version="1.0" encoding="UTF-8"?>
<!-- Generated by org.testng.reporters.JUnitReportReporter -->
<testsuite hostname="Naresh" failures="0" tests="1" name="com.selenium.scripts.LinkTest" time="1.095" errors="0" timestamp="2023-04-11T08:27:46 IST" skipped="0">
  <testcase classname="com.selenium.scripts.LinkTest" name="linkMethods" time="1.095"/>
  <system-out/>
</testsuite> <!-- com.selenium.scripts.LinkTest -->
