<?xml version="1.0" encoding="UTF-8"?>
<!-- Generated by org.testng.reporters.JUnitReportReporter -->
<testsuite hostname="Naresh" failures="0" tests="1" name="com.selenium.scripts.ImageTest" time="0.214" errors="0" timestamp="2023-04-11T08:32:16 IST" skipped="0">
  <testcase classname="com.selenium.scripts.ImageTest" name="imageMethods" time="0.214"/>
  <system-out/>
</testsuite> <!-- com.selenium.scripts.ImageTest -->
