<?xml version="1.0" encoding="UTF-8"?>
<!-- Generated by org.testng.reporters.JUnitReportReporter -->
<testsuite hostname="Naresh" failures="0" tests="1" name="com.selenium.scripts.Demo" time="0.008" errors="0" timestamp="2023-05-03T08:13:02 IST" skipped="0">
  <testcase classname="com.selenium.scripts.Demo" name="f" time="0.008"/>
  <system-out/>
</testsuite> <!-- com.selenium.scripts.Demo -->
