<?xml version="1.0" encoding="UTF-8"?>
<!-- Generated by org.testng.reporters.JUnitReportReporter -->
<testsuite hostname="Naresh" failures="0" tests="1" name="practice.selenium.Browser" time="17.974" errors="0" timestamp="2023-04-07T07:44:56 IST" skipped="0">
  <testcase classname="practice.selenium.Browser" name="f" time="17.974"/>
  <system-out/>
</testsuite> <!-- practice.selenium.Browser -->
