<?xml version="1.0" encoding="UTF-8"?>
<!-- Generated by org.testng.reporters.JUnitReportReporter -->
<testsuite hostname="Naresh" failures="0" tests="1" name="selenium.practice.testng.CSSSelectorTest" time="9.486" errors="0" timestamp="2023-04-14T09:49:28 IST" skipped="0">
  <testcase classname="selenium.practice.testng.CSSSelectorTest" name="submitSampleEmailandContactForms" time="9.486"/>
  <system-out/>
</testsuite> <!-- selenium.practice.testng.CSSSelectorTest -->
