<?xml version="1.0" encoding="UTF-8"?>
<!-- Generated by org.testng.reporters.JUnitReportReporter -->
<testsuite hostname="Naresh" failures="0" tests="1" name="mypractice.WebtableTest" time="0.349" errors="0" timestamp="2023-05-03T08:06:30 IST" skipped="0">
  <testcase classname="mypractice.WebtableTest" name="webtablemethods" time="0.349"/>
  <system-out/>
</testsuite> <!-- mypractice.WebtableTest -->
