<?xml version="1.0" encoding="UTF-8"?>
<!-- Generated by org.testng.reporters.JUnitReportReporter -->
<testsuite hostname="Naresh" failures="0" tests="1" name="com.selenium.scripts.DragDropTest" time="9.081" errors="0" timestamp="2023-04-19T08:09:44 IST" skipped="0">
  <testcase classname="com.selenium.scripts.DragDropTest" name="draganddropMethods" time="9.081"/>
  <system-out/>
</testsuite> <!-- com.selenium.scripts.DragDropTest -->
