<?xml version="1.0" encoding="UTF-8"?>
<!-- Generated by org.testng.reporters.JUnitReportReporter -->
<testsuite hostname="Naresh" failures="0" tests="1" name="com.selenium.scripts.TextboxTest" time="0.530" errors="0" timestamp="2023-04-10T08:31:55 IST" skipped="0">
  <testcase classname="com.selenium.scripts.TextboxTest" name="textboxMethods" time="0.530"/>
  <system-out/>
</testsuite> <!-- com.selenium.scripts.TextboxTest -->
