<?xml version="1.0" encoding="UTF-8"?>
<!-- Generated by org.testng.reporters.JUnitReportReporter -->
<testsuite hostname="Naresh" failures="0" tests="1" name="practice.DifferentLocators" time="5.076" errors="0" timestamp="2023-04-07T08:47:56 IST" skipped="0">
  <testcase classname="practice.DifferentLocators" name="f" time="5.076"/>
  <system-out/>
</testsuite> <!-- practice.DifferentLocators -->
