<?xml version="1.0" encoding="UTF-8"?>
<!-- Generated by org.testng.reporters.JUnitReportReporter -->
<testsuite hostname="Naresh" failures="0" tests="1" name="com.selenium.scripts.WebTableTest" time="0.283" errors="0" timestamp="2023-05-03T08:19:12 IST" skipped="0">
  <testcase classname="com.selenium.scripts.WebTableTest" name="webtableMethods" time="0.283"/>
  <system-out/>
</testsuite> <!-- com.selenium.scripts.WebTableTest -->
