<?xml version="1.0" encoding="UTF-8"?>
<!-- Generated by org.testng.reporters.JUnitReportReporter -->
<testsuite hostname="Naresh" failures="0" tests="1" name="selenium.practice.testng.XPathAxesAssignment" time="9.427" errors="0" timestamp="2023-04-10T07:49:39 IST" skipped="0">
  <testcase classname="selenium.practice.testng.XPathAxesAssignment" name="axesMethods" time="9.427"/>
  <system-out/>
</testsuite> <!-- selenium.practice.testng.XPathAxesAssignment -->
