<?xml version="1.0" encoding="UTF-8"?>
<!-- Generated by org.testng.reporters.JUnitReportReporter -->
<testsuite hostname="Naresh" failures="0" tests="1" name="com.selenium.scripts.BrowserTest" time="18.857" errors="0" timestamp="2023-03-30T08:35:09 IST" skipped="0">
  <testcase classname="com.selenium.scripts.BrowserTest" name="browserMethods" time="18.857"/>
  <system-out/>
</testsuite> <!-- com.selenium.scripts.BrowserTest -->
