<?xml version="1.0" encoding="UTF-8"?>
<!-- Generated by org.testng.reporters.JUnitReportReporter -->
<testsuite hostname="Naresh" failures="0" tests="1" name="test.com.practice.AmazonTest" time="25.117" errors="0" timestamp="2023-04-03T08:58:14 IST" skipped="0">
  <testcase classname="test.com.practice.AmazonTest" name="methods" time="25.117"/>
  <system-out/>
</testsuite> <!-- test.com.practice.AmazonTest -->
