<?xml version="1.0" encoding="UTF-8"?>
<!-- Generated by org.testng.reporters.JUnitReportReporter -->
<testsuite hostname="Naresh" failures="0" tests="1" name="com.selenium.scripts.DropdownListboxTest" time="12.578" errors="0" timestamp="2023-04-13T08:33:52 IST" skipped="0">
  <testcase classname="com.selenium.scripts.DropdownListboxTest" name="dropdownListboxMethods" time="12.578"/>
  <system-out/>
</testsuite> <!-- com.selenium.scripts.DropdownListboxTest -->
