<?xml version="1.0" encoding="UTF-8"?>
<!-- Generated by org.testng.reporters.JUnitReportReporter -->
<testsuite hostname="Naresh" failures="0" tests="1" name="com.selenium.scripts.CheckboxTest" time="1.438" errors="0" timestamp="2023-05-03T08:16:53 IST" skipped="0">
  <testcase classname="com.selenium.scripts.CheckboxTest" name="checkboxMethods" time="1.438"/>
  <system-out/>
</testsuite> <!-- com.selenium.scripts.CheckboxTest -->
