<?xml version="1.0" encoding="UTF-8"?>
<!-- Generated by org.testng.reporters.JUnitReportReporter -->
<testsuite hostname="Naresh" failures="0" tests="1" name="com.selenium.scripts.RadioButtonTest" time="1.577" errors="0" timestamp="2023-04-12T08:38:20 IST" skipped="0">
  <testcase classname="com.selenium.scripts.RadioButtonTest" name="radiobuttonMethods" time="1.577"/>
  <system-out/>
</testsuite> <!-- com.selenium.scripts.RadioButtonTest -->
