<?xml version="1.0" encoding="UTF-8"?>
<!-- Generated by org.testng.reporters.JUnitReportReporter -->
<testsuite hostname="Naresh" failures="0" tests="1" name="com.selenium.scripts.ActionsTest" time="68.249" errors="0" timestamp="2023-04-17T08:52:57 IST" skipped="0">
  <testcase classname="com.selenium.scripts.ActionsTest" name="mouseActionMethods" time="68.249"/>
  <system-out/>
</testsuite> <!-- com.selenium.scripts.ActionsTest -->
